<?xml version="1.0" encoding="UTF-8"?>
<testsuite xmlns:xsi="http://www.w3.org/2001/XMLSchema-instance" xsi:noNamespaceSchemaLocation="https://maven.apache.org/surefire/maven-surefire-plugin/xsd/surefire-test-report-3.0.xsd" version="3.0" name="QuizWebApp.controller.FeedbackControllerTest" time="1.879" tests="2" errors="0" skipped="0" failures="0">
  <properties>
[...]
</properties>
  <testcase name="test_postFeedback" classname="QuizWebApp.controller.FeedbackControllerTest" time="1.739">
    <system-out><![CDATA[01:00:13.986 [main] DEBUG _org.springframework.web.servlet.HandlerMapping.Mappings - 
	Q.c.FeedbackController:
	{POST [/feedback]}: createNewFeedback(int,String)
	{GET [/feedback]}: getFeedback()
01:00:13.996 [main] DEBUG org.springframework.web.servlet.mvc.method.annotation.RequestMappingHandlerMapping - 2 mappings in org.springframework.web.servlet.mvc.method.annotation.RequestMappingHandlerMapping
01:00:14.410 [main] DEBUG org.springframework.web.servlet.mvc.method.annotation.RequestMappingHandlerAdapter - ControllerAdvice beans: 0 @ModelAttribute, 0 @InitBinder, 1 RequestBodyAdvice, 1 ResponseBodyAdvice
01:00:14.466 [main] DEBUG org.springframework.web.servlet.mvc.method.annotation.ExceptionHandlerExceptionResolver - ControllerAdvice beans: 0 @ExceptionHandler, 1 ResponseBodyAdvice
01:00:14.486 [main] INFO org.springframework.mock.web.MockServletContext - Initializing Spring TestDispatcherServlet ''
01:00:14.486 [main] INFO org.springframework.test.web.servlet.TestDispatcherServlet - Initializing Servlet ''
01:00:14.489 [main] DEBUG org.springframework.test.web.servlet.TestDispatcherServlet - Detected AcceptHeaderLocaleResolver
01:00:14.489 [main] DEBUG org.springframework.test.web.servlet.TestDispatcherServlet - Detected FixedThemeResolver
01:00:14.490 [main] DEBUG org.springframework.test.web.servlet.TestDispatcherServlet - Detected org.springframework.web.servlet.view.DefaultRequestToViewNameTranslator@79e2bc7d
01:00:14.490 [main] DEBUG org.springframework.test.web.servlet.TestDispatcherServlet - Detected org.springframework.web.servlet.support.SessionFlashMapManager@3fa695f5
01:00:14.490 [main] DEBUG org.springframework.test.web.servlet.TestDispatcherServlet - enableLoggingRequestDetails='false': request parameters and headers will be masked to prevent unsafe logging of potentially sensitive data
01:00:14.490 [main] INFO org.springframework.test.web.servlet.TestDispatcherServlet - Completed initialization in 4 ms
01:00:14.544 [main] DEBUG org.springframework.test.web.servlet.TestDispatcherServlet - POST "/feedback", parameters={masked}
01:00:14.549 [main] DEBUG org.springframework.web.servlet.mvc.method.annotation.RequestMappingHandlerMapping - Mapped to QuizWebApp.controller.FeedbackController#createNewFeedback(int, String)
01:00:14.608 [main] DEBUG org.springframework.web.servlet.view.RedirectView - View [RedirectView], model {}
01:00:14.609 [main] DEBUG org.springframework.test.web.servlet.TestDispatcherServlet - Completed 302 FOUND
]]></system-out>
  </testcase>
  <testcase name="test_getFeedback" classname="QuizWebApp.controller.FeedbackControllerTest" time="0.019">
    <system-out><![CDATA[01:00:14.620 [main] DEBUG _org.springframework.web.servlet.HandlerMapping.Mappings - 
	Q.c.FeedbackController:
	{POST [/feedback]}: createNewFeedback(int,String)
	{GET [/feedback]}: getFeedback()
01:00:14.620 [main] DEBUG org.springframework.web.servlet.mvc.method.annotation.RequestMappingHandlerMapping - 2 mappings in org.springframework.web.servlet.mvc.method.annotation.RequestMappingHandlerMapping
01:00:14.624 [main] DEBUG org.springframework.web.servlet.mvc.method.annotation.RequestMappingHandlerAdapter - ControllerAdvice beans: 0 @ModelAttribute, 0 @InitBinder, 1 RequestBodyAdvice, 1 ResponseBodyAdvice
01:00:14.625 [main] DEBUG org.springframework.web.servlet.mvc.method.annotation.ExceptionHandlerExceptionResolver - ControllerAdvice beans: 0 @ExceptionHandler, 1 ResponseBodyAdvice
01:00:14.626 [main] INFO org.springframework.mock.web.MockServletContext - Initializing Spring TestDispatcherServlet ''
01:00:14.626 [main] INFO org.springframework.test.web.servlet.TestDispatcherServlet - Initializing Servlet ''
01:00:14.626 [main] DEBUG org.springframework.test.web.servlet.TestDispatcherServlet - Detected AcceptHeaderLocaleResolver
01:00:14.626 [main] DEBUG org.springframework.test.web.servlet.TestDispatcherServlet - Detected FixedThemeResolver
01:00:14.626 [main] DEBUG org.springframework.test.web.servlet.TestDispatcherServlet - Detected org.springframework.web.servlet.view.DefaultRequestToViewNameTranslator@2a1066ed
01:00:14.626 [main] DEBUG org.springframework.test.web.servlet.TestDispatcherServlet - Detected org.springframework.web.servlet.support.SessionFlashMapManager@6aef33f6
01:00:14.626 [main] DEBUG org.springframework.test.web.servlet.TestDispatcherServlet - enableLoggingRequestDetails='false': request parameters and headers will be masked to prevent unsafe logging of potentially sensitive data
01:00:14.626 [main] INFO org.springframework.test.web.servlet.TestDispatcherServlet - Completed initialization in 0 ms
01:00:14.627 [main] DEBUG org.springframework.test.web.servlet.TestDispatcherServlet - GET "/feedback", parameters={}
01:00:14.627 [main] DEBUG org.springframework.web.servlet.mvc.method.annotation.RequestMappingHandlerMapping - Mapped to QuizWebApp.controller.FeedbackController#getFeedback()
01:00:14.628 [main] DEBUG org.springframework.web.servlet.view.JstlView - View [JstlView], model {}
01:00:14.634 [main] DEBUG org.springframework.web.servlet.view.JstlView - Forwarding to [/WEB-INF/jsp/view/feedback.jsp]
01:00:14.635 [main] DEBUG org.springframework.mock.web.MockRequestDispatcher - MockRequestDispatcher: forwarding to [/WEB-INF/jsp/view/feedback.jsp]
01:00:14.635 [main] DEBUG org.springframework.test.web.servlet.TestDispatcherServlet - Completed 200 OK
]]></system-out>
  </testcase>
</testsuite>